

Microchip MPLAB XC8 Assembler V2.40 build 20220703182018 
                                                                                               Thu Jan 19 17:58:42 2023

Microchip MPLAB XC8 C Compiler v2.40 (Free license) build 20220703182018 Og1 
     1                           	processor	16F887
     2                           	pagewidth 120
     3                           	opt	flic
     4                           	psect	cinit,global,class=CODE,merge=1,delta=2
     5                           	psect	bssCOMMON,global,class=COMMON,space=1,delta=1,noexec
     6                           	psect	cstackCOMMON,global,class=COMMON,space=1,delta=1,noexec
     7                           	psect	maintext,global,class=CODE,split=1,delta=2
     8                           	psect	text1,local,class=CODE,merge=1,delta=2
     9                           	psect	text2,local,class=CODE,merge=1,delta=2
    10                           	psect	text3,local,class=CODE,merge=1,delta=2
    11                           	psect	text4,local,class=CODE,merge=1,delta=2
    12                           	psect	intentry,global,class=CODE,delta=2
    13                           	psect	idloc,global,abs,ovrld,class=IDLOC,space=5,delta=2,noexec
    14                           	psect	config,global,abs,ovrld,class=CONFIG,space=4,delta=2,noexec
    15                           	dabs	1,0x7E,2
    16     0000                     
    17                           ; Version 2.40
    18                           ; Generated 17/11/2021 GMT
    19                           ; 
    20                           ; Copyright © 2021, Microchip Technology Inc. and its subsidiaries ("Microchip")
    21                           ; All rights reserved.
    22                           ; 
    23                           ; This software is developed by Microchip Technology Inc. and its subsidiaries ("Microch
      +                          ip").
    24                           ; 
    25                           ; Redistribution and use in source and binary forms, with or without modification, are
    26                           ; permitted provided that the following conditions are met:
    27                           ; 
    28                           ;     1. Redistributions of source code must retain the above copyright notice, this lis
      +                          t of
    29                           ;        conditions and the following disclaimer.
    30                           ; 
    31                           ;     2. Redistributions in binary form must reproduce the above copyright notice, this 
      +                          list
    32                           ;        of conditions and the following disclaimer in the documentation and/or other
    33                           ;        materials provided with the distribution. Publication is not required when
    34                           ;        this file is used in an embedded application.
    35                           ; 
    36                           ;     3. Microchip's name may not be used to endorse or promote products derived from th
      +                          is
    37                           ;        software without specific prior written permission.
    38                           ; 
    39                           ; THIS SOFTWARE IS PROVIDED BY MICROCHIP "AS IS" AND ANY EXPRESS OR IMPLIED WARRANTIES,
    40                           ; INCLUDING, BUT NOT LIMITED TO, THE IMPLIED WARRANTIES OF MERCHANTABILITY AND FITNESS F
      +                          OR
    41                           ; PURPOSE ARE DISCLAIMED.  IN NO EVENT SHALL MICROCHIP BE LIABLE FOR ANY DIRECT, INDIREC
      +                          T,
    42                           ; INCIDENTAL, SPECIAL, EXEMPLARY, OR CONSEQUENTIAL DAMAGES (INCLUDING BUT NOT LIMITED TO
    43                           ; PROCUREMENT OF SUBSTITUTE GOODS OR SERVICES; LOSS OF USE, DATA OR PROFITS; OR BUSINESS
    44                           ; INTERRUPTION) HOWSOEVER CAUSED AND ON ANY THEORY OF LIABILITY, WHETHER IN CONTRACT, ST
      +                          RICT
    45                           ; LIABILITY, OR TORT (INCLUDING NEGLIGENCE OR OTHERWISE) ARISING IN ANY WAY OUT OF THE U
      +                          SE OF
    46                           ; THIS SOFTWARE, EVEN IF ADVISED OF THE POSSIBILITY OF SUCH DAMAGE.
    47                           ; 
    48                           ; 
    49                           ; Code-generator required, PIC16F887 Definitions
    50                           ; 
    51                           ; SFR Addresses
    52     0000                     	;# 
    53     0001                     	;# 
    54     0002                     	;# 
    55     0003                     	;# 
    56     0004                     	;# 
    57     0005                     	;# 
    58     0006                     	;# 
    59     0007                     	;# 
    60     0008                     	;# 
    61     0009                     	;# 
    62     000A                     	;# 
    63     000B                     	;# 
    64     000C                     	;# 
    65     000D                     	;# 
    66     000E                     	;# 
    67     000E                     	;# 
    68     000F                     	;# 
    69     0010                     	;# 
    70     0011                     	;# 
    71     0012                     	;# 
    72     0013                     	;# 
    73     0014                     	;# 
    74     0015                     	;# 
    75     0015                     	;# 
    76     0016                     	;# 
    77     0017                     	;# 
    78     0018                     	;# 
    79     0019                     	;# 
    80     001A                     	;# 
    81     001B                     	;# 
    82     001B                     	;# 
    83     001C                     	;# 
    84     001D                     	;# 
    85     001E                     	;# 
    86     001F                     	;# 
    87     0081                     	;# 
    88     0085                     	;# 
    89     0086                     	;# 
    90     0087                     	;# 
    91     0088                     	;# 
    92     0089                     	;# 
    93     008C                     	;# 
    94     008D                     	;# 
    95     008E                     	;# 
    96     008F                     	;# 
    97     0090                     	;# 
    98     0091                     	;# 
    99     0092                     	;# 
   100     0093                     	;# 
   101     0093                     	;# 
   102     0093                     	;# 
   103     0094                     	;# 
   104     0095                     	;# 
   105     0096                     	;# 
   106     0097                     	;# 
   107     0098                     	;# 
   108     0099                     	;# 
   109     009A                     	;# 
   110     009B                     	;# 
   111     009C                     	;# 
   112     009D                     	;# 
   113     009E                     	;# 
   114     009F                     	;# 
   115     0105                     	;# 
   116     0107                     	;# 
   117     0108                     	;# 
   118     0109                     	;# 
   119     010C                     	;# 
   120     010C                     	;# 
   121     010D                     	;# 
   122     010E                     	;# 
   123     010F                     	;# 
   124     0185                     	;# 
   125     0187                     	;# 
   126     0188                     	;# 
   127     0189                     	;# 
   128     018C                     	;# 
   129     018D                     	;# 
   130     0000                     	;# 
   131     0001                     	;# 
   132     0002                     	;# 
   133     0003                     	;# 
   134     0004                     	;# 
   135     0005                     	;# 
   136     0006                     	;# 
   137     0007                     	;# 
   138     0008                     	;# 
   139     0009                     	;# 
   140     000A                     	;# 
   141     000B                     	;# 
   142     000C                     	;# 
   143     000D                     	;# 
   144     000E                     	;# 
   145     000E                     	;# 
   146     000F                     	;# 
   147     0010                     	;# 
   148     0011                     	;# 
   149     0012                     	;# 
   150     0013                     	;# 
   151     0014                     	;# 
   152     0015                     	;# 
   153     0015                     	;# 
   154     0016                     	;# 
   155     0017                     	;# 
   156     0018                     	;# 
   157     0019                     	;# 
   158     001A                     	;# 
   159     001B                     	;# 
   160     001B                     	;# 
   161     001C                     	;# 
   162     001D                     	;# 
   163     001E                     	;# 
   164     001F                     	;# 
   165     0081                     	;# 
   166     0085                     	;# 
   167     0086                     	;# 
   168     0087                     	;# 
   169     0088                     	;# 
   170     0089                     	;# 
   171     008C                     	;# 
   172     008D                     	;# 
   173     008E                     	;# 
   174     008F                     	;# 
   175     0090                     	;# 
   176     0091                     	;# 
   177     0092                     	;# 
   178     0093                     	;# 
   179     0093                     	;# 
   180     0093                     	;# 
   181     0094                     	;# 
   182     0095                     	;# 
   183     0096                     	;# 
   184     0097                     	;# 
   185     0098                     	;# 
   186     0099                     	;# 
   187     009A                     	;# 
   188     009B                     	;# 
   189     009C                     	;# 
   190     009D                     	;# 
   191     009E                     	;# 
   192     009F                     	;# 
   193     0105                     	;# 
   194     0107                     	;# 
   195     0108                     	;# 
   196     0109                     	;# 
   197     010C                     	;# 
   198     010C                     	;# 
   199     010D                     	;# 
   200     010E                     	;# 
   201     010F                     	;# 
   202     0185                     	;# 
   203     0187                     	;# 
   204     0188                     	;# 
   205     0189                     	;# 
   206     018C                     	;# 
   207     018D                     	;# 
   208     0000                     	;# 
   209     0001                     	;# 
   210     0002                     	;# 
   211     0003                     	;# 
   212     0004                     	;# 
   213     0005                     	;# 
   214     0006                     	;# 
   215     0007                     	;# 
   216     0008                     	;# 
   217     0009                     	;# 
   218     000A                     	;# 
   219     000B                     	;# 
   220     000C                     	;# 
   221     000D                     	;# 
   222     000E                     	;# 
   223     000E                     	;# 
   224     000F                     	;# 
   225     0010                     	;# 
   226     0011                     	;# 
   227     0012                     	;# 
   228     0013                     	;# 
   229     0014                     	;# 
   230     0015                     	;# 
   231     0015                     	;# 
   232     0016                     	;# 
   233     0017                     	;# 
   234     0018                     	;# 
   235     0019                     	;# 
   236     001A                     	;# 
   237     001B                     	;# 
   238     001B                     	;# 
   239     001C                     	;# 
   240     001D                     	;# 
   241     001E                     	;# 
   242     001F                     	;# 
   243     0081                     	;# 
   244     0085                     	;# 
   245     0086                     	;# 
   246     0087                     	;# 
   247     0088                     	;# 
   248     0089                     	;# 
   249     008C                     	;# 
   250     008D                     	;# 
   251     008E                     	;# 
   252     008F                     	;# 
   253     0090                     	;# 
   254     0091                     	;# 
   255     0092                     	;# 
   256     0093                     	;# 
   257     0093                     	;# 
   258     0093                     	;# 
   259     0094                     	;# 
   260     0095                     	;# 
   261     0096                     	;# 
   262     0097                     	;# 
   263     0098                     	;# 
   264     0099                     	;# 
   265     009A                     	;# 
   266     009B                     	;# 
   267     009C                     	;# 
   268     009D                     	;# 
   269     009E                     	;# 
   270     009F                     	;# 
   271     0105                     	;# 
   272     0107                     	;# 
   273     0108                     	;# 
   274     0109                     	;# 
   275     010C                     	;# 
   276     010C                     	;# 
   277     010D                     	;# 
   278     010E                     	;# 
   279     010F                     	;# 
   280     0185                     	;# 
   281     0187                     	;# 
   282     0188                     	;# 
   283     0189                     	;# 
   284     018C                     	;# 
   285     018D                     	;# 
   286     0000                     	;# 
   287     0001                     	;# 
   288     0002                     	;# 
   289     0003                     	;# 
   290     0004                     	;# 
   291     0005                     	;# 
   292     0006                     	;# 
   293     0007                     	;# 
   294     0008                     	;# 
   295     0009                     	;# 
   296     000A                     	;# 
   297     000B                     	;# 
   298     000C                     	;# 
   299     000D                     	;# 
   300     000E                     	;# 
   301     000E                     	;# 
   302     000F                     	;# 
   303     0010                     	;# 
   304     0011                     	;# 
   305     0012                     	;# 
   306     0013                     	;# 
   307     0014                     	;# 
   308     0015                     	;# 
   309     0015                     	;# 
   310     0016                     	;# 
   311     0017                     	;# 
   312     0018                     	;# 
   313     0019                     	;# 
   314     001A                     	;# 
   315     001B                     	;# 
   316     001B                     	;# 
   317     001C                     	;# 
   318     001D                     	;# 
   319     001E                     	;# 
   320     001F                     	;# 
   321     0081                     	;# 
   322     0085                     	;# 
   323     0086                     	;# 
   324     0087                     	;# 
   325     0088                     	;# 
   326     0089                     	;# 
   327     008C                     	;# 
   328     008D                     	;# 
   329     008E                     	;# 
   330     008F                     	;# 
   331     0090                     	;# 
   332     0091                     	;# 
   333     0092                     	;# 
   334     0093                     	;# 
   335     0093                     	;# 
   336     0093                     	;# 
   337     0094                     	;# 
   338     0095                     	;# 
   339     0096                     	;# 
   340     0097                     	;# 
   341     0098                     	;# 
   342     0099                     	;# 
   343     009A                     	;# 
   344     009B                     	;# 
   345     009C                     	;# 
   346     009D                     	;# 
   347     009E                     	;# 
   348     009F                     	;# 
   349     0105                     	;# 
   350     0107                     	;# 
   351     0108                     	;# 
   352     0109                     	;# 
   353     010C                     	;# 
   354     010C                     	;# 
   355     010D                     	;# 
   356     010E                     	;# 
   357     010F                     	;# 
   358     0185                     	;# 
   359     0187                     	;# 
   360     0188                     	;# 
   361     0189                     	;# 
   362     018C                     	;# 
   363     018D                     	;# 
   364     0000                     	;# 
   365     0001                     	;# 
   366     0002                     	;# 
   367     0003                     	;# 
   368     0004                     	;# 
   369     0005                     	;# 
   370     0006                     	;# 
   371     0007                     	;# 
   372     0008                     	;# 
   373     0009                     	;# 
   374     000A                     	;# 
   375     000B                     	;# 
   376     000C                     	;# 
   377     000D                     	;# 
   378     000E                     	;# 
   379     000E                     	;# 
   380     000F                     	;# 
   381     0010                     	;# 
   382     0011                     	;# 
   383     0012                     	;# 
   384     0013                     	;# 
   385     0014                     	;# 
   386     0015                     	;# 
   387     0015                     	;# 
   388     0016                     	;# 
   389     0017                     	;# 
   390     0018                     	;# 
   391     0019                     	;# 
   392     001A                     	;# 
   393     001B                     	;# 
   394     001B                     	;# 
   395     001C                     	;# 
   396     001D                     	;# 
   397     001E                     	;# 
   398     001F                     	;# 
   399     0081                     	;# 
   400     0085                     	;# 
   401     0086                     	;# 
   402     0087                     	;# 
   403     0088                     	;# 
   404     0089                     	;# 
   405     008C                     	;# 
   406     008D                     	;# 
   407     008E                     	;# 
   408     008F                     	;# 
   409     0090                     	;# 
   410     0091                     	;# 
   411     0092                     	;# 
   412     0093                     	;# 
   413     0093                     	;# 
   414     0093                     	;# 
   415     0094                     	;# 
   416     0095                     	;# 
   417     0096                     	;# 
   418     0097                     	;# 
   419     0098                     	;# 
   420     0099                     	;# 
   421     009A                     	;# 
   422     009B                     	;# 
   423     009C                     	;# 
   424     009D                     	;# 
   425     009E                     	;# 
   426     009F                     	;# 
   427     0105                     	;# 
   428     0107                     	;# 
   429     0108                     	;# 
   430     0109                     	;# 
   431     010C                     	;# 
   432     010C                     	;# 
   433     010D                     	;# 
   434     010E                     	;# 
   435     010F                     	;# 
   436     0185                     	;# 
   437     0187                     	;# 
   438     0188                     	;# 
   439     0189                     	;# 
   440     018C                     	;# 
   441     018D                     	;# 
   442     0005                     _PORTAbits	set	5
   443     0006                     _PORTB	set	6
   444     001E                     _ADRESH	set	30
   445     0008                     _PORTD	set	8
   446     001F                     _ADCON0bits	set	31
   447     0007                     _PORTC	set	7
   448     0006                     _PORTBbits	set	6
   449     000B                     _INTCONbits	set	11
   450     0066                     _ADIF	set	102
   451     009F                     _ADCON1bits	set	159
   452     0085                     _TRISAbits	set	133
   453     0088                     _TRISD	set	136
   454     0087                     _TRISC	set	135
   455     0081                     _OPTION_REGbits	set	129
   456     0095                     _WPUB	set	149
   457     0096                     _IOCB	set	150
   458     0086                     _TRISB	set	134
   459     008F                     _OSCCONbits	set	143
   460     0188                     _ANSELbits	set	392
   461                           
   462                           	psect	cinit
   463     000F                     start_initialization:	
   464                           ; #config settings
   465                           
   466     000F                     __initialization:
   467                           
   468                           ; Clear objects allocated to COMMON
   469     000F  01FA               	clrf	__pbssCOMMON& (0+127)
   470     0010  01FB               	clrf	(__pbssCOMMON+1)& (0+127)
   471     0011                     end_of_initialization:	
   472                           ;End of C runtime variable initialization code
   473                           
   474     0011                     __end_of__initialization:
   475     0011  0183               	clrf	3
   476     0012  120A  118A  2815   	ljmp	_main	;jump to C main() function
   477                           
   478                           	psect	bssCOMMON
   479     007A                     __pbssCOMMON:
   480     007A                     _cont:
   481     007A                     	ds	2
   482                           
   483                           	psect	cstackCOMMON
   484     0070                     __pcstackCOMMON:
   485     0070                     ?_configpuertos:
   486     0070                     ?_setupINTOSC:	
   487                           ; 1 bytes @ 0x0
   488                           
   489     0070                     ?_setup_ADC:	
   490                           ; 1 bytes @ 0x0
   491                           
   492     0070                     ?_isr:	
   493                           ; 1 bytes @ 0x0
   494                           
   495     0070                     ??_isr:	
   496                           ; 1 bytes @ 0x0
   497                           
   498     0070                     ?_main:	
   499                           ; 1 bytes @ 0x0
   500                           
   501                           
   502                           ; 1 bytes @ 0x0
   503     0070                     	ds	2
   504     0072                     ??_configpuertos:
   505     0072                     ??_setupINTOSC:	
   506                           ; 1 bytes @ 0x2
   507                           
   508     0072                     ??_setup_ADC:	
   509                           ; 1 bytes @ 0x2
   510                           
   511     0072                     setupINTOSC@IRCF:	
   512                           ; 1 bytes @ 0x2
   513                           
   514                           
   515                           ; 1 bytes @ 0x2
   516     0072                     	ds	1
   517     0073                     ??_main:
   518                           
   519                           ; 1 bytes @ 0x3
   520     0073                     	ds	7
   521                           
   522                           	psect	maintext
   523     0015                     __pmaintext:	
   524 ;;
   525 ;;Main: autosize = 0, tempsize = 7, incstack = 0, save=0
   526 ;;
   527 ;; *************** function _main *****************
   528 ;; Defined at:
   529 ;;		line 58 in file "main.c"
   530 ;; Parameters:    Size  Location     Type
   531 ;;		None
   532 ;; Auto vars:     Size  Location     Type
   533 ;;		None
   534 ;; Return value:  Size  Location     Type
   535 ;;                  1    wreg      void 
   536 ;; Registers used:
   537 ;;		wreg, status,2, status,0, pclath, cstack
   538 ;; Tracked objects:
   539 ;;		On entry : B00/0
   540 ;;		On exit  : 0/0
   541 ;;		Unchanged: 0/0
   542 ;; Data sizes:     COMMON   BANK0   BANK1   BANK3   BANK2
   543 ;;      Params:         0       0       0       0       0
   544 ;;      Locals:         0       0       0       0       0
   545 ;;      Temps:          7       0       0       0       0
   546 ;;      Totals:         7       0       0       0       0
   547 ;;Total ram usage:        7 bytes
   548 ;; Hardware stack levels required when called: 2
   549 ;; This function calls:
   550 ;;		_configpuertos
   551 ;;		_setupINTOSC
   552 ;;		_setup_ADC
   553 ;; This function is called by:
   554 ;;		Startup code after reset
   555 ;; This function uses a non-reentrant model
   556 ;;
   557                           
   558     0015                     _main:	
   559                           ;psect for function _main
   560                           
   561     0015                     l742:	
   562                           ;incstack = 0
   563                           ; Regs used in _main: [wreg+status,2+status,0+pclath+cstack]
   564                           
   565                           
   566                           ;main.c: 59:     configpuertos();
   567     0015  120A  118A  20FD  120A  118A  	fcall	_configpuertos
   568                           
   569                           ;main.c: 60:     setupINTOSC(6);
   570     001A  3006               	movlw	6
   571     001B  120A  118A  2080  120A  118A  	fcall	_setupINTOSC
   572                           
   573                           ;main.c: 61:     setup_ADC();
   574     0020  120A  118A  211A  120A  118A  	fcall	_setup_ADC
   575     0025                     l744:
   576                           
   577                           ;main.c: 62:     cont = 0;
   578     0025  01FA               	clrf	_cont
   579     0026  01FB               	clrf	_cont+1
   580     0027                     l746:
   581                           
   582                           ;main.c: 65:         if((cont == 1) & PORTBbits.RB7){
   583     0027  1283               	bcf	3,5	;RP0=0, select bank0
   584     0028  1303               	bcf	3,6	;RP1=0, select bank0
   585     0029  0D06               	rlf	6,w	;volatile
   586     002A  0D06               	rlf	6,w	;volatile
   587     002B  3901               	andlw	1
   588     002C  00F3               	movwf	??_main
   589     002D  01F4               	clrf	??_main+1
   590     002E  037A               	decf	_cont,w
   591     002F  047B               	iorwf	_cont+1,w
   592     0030  1903               	btfsc	3,2
   593     0031  2833               	goto	u121
   594     0032  2835               	goto	u120
   595     0033                     u121:
   596     0033  3001               	movlw	1
   597     0034  2836               	goto	u130
   598     0035                     u120:
   599     0035  3000               	movlw	0
   600     0036                     u130:
   601     0036  00F5               	movwf	??_main+2
   602     0037  01F6               	clrf	??_main+3
   603     0038  0873               	movf	??_main,w
   604     0039  0575               	andwf	??_main+2,w
   605     003A  00F7               	movwf	??_main+4
   606     003B  0874               	movf	??_main+1,w
   607     003C  0576               	andwf	??_main+3,w
   608     003D  00F8               	movwf	??_main+5
   609     003E  0877               	movf	??_main+4,w
   610     003F  0478               	iorwf	??_main+5,w
   611     0040  1903               	btfsc	3,2
   612     0041  2843               	goto	u141
   613     0042  2844               	goto	u140
   614     0043                     u141:
   615     0043  284A               	goto	l752
   616     0044                     u140:
   617     0044                     l748:
   618                           
   619                           ;main.c: 66:             PORTC ++;
   620     0044  3001               	movlw	1
   621     0045  00F3               	movwf	??_main
   622     0046  0873               	movf	??_main,w
   623     0047  0787               	addwf	7,f	;volatile
   624     0048                     l750:
   625                           
   626                           ;main.c: 67:             cont = 0;
   627     0048  01FA               	clrf	_cont
   628     0049  01FB               	clrf	_cont+1
   629     004A                     l752:
   630                           
   631                           ;main.c: 69:         if((cont == 2) & PORTBbits.RB6){
   632     004A  0E06               	swapf	6,w	;volatile
   633     004B  00F3               	movwf	??_main
   634     004C  0CF3               	rrf	??_main,f
   635     004D  0C73               	rrf	??_main,w
   636     004E  3901               	andlw	1
   637     004F  00F4               	movwf	??_main+1
   638     0050  01F5               	clrf	??_main+2
   639     0051  3002               	movlw	2
   640     0052  067A               	xorwf	_cont,w
   641     0053  047B               	iorwf	_cont+1,w
   642     0054  1903               	btfsc	3,2
   643     0055  2857               	goto	u151
   644     0056  2859               	goto	u150
   645     0057                     u151:
   646     0057  3001               	movlw	1
   647     0058  285A               	goto	u160
   648     0059                     u150:
   649     0059  3000               	movlw	0
   650     005A                     u160:
   651     005A  00F6               	movwf	??_main+3
   652     005B  01F7               	clrf	??_main+4
   653     005C  0874               	movf	??_main+1,w
   654     005D  0576               	andwf	??_main+3,w
   655     005E  00F8               	movwf	??_main+5
   656     005F  0875               	movf	??_main+2,w
   657     0060  0577               	andwf	??_main+4,w
   658     0061  00F9               	movwf	??_main+6
   659     0062  0878               	movf	??_main+5,w
   660     0063  0479               	iorwf	??_main+6,w
   661     0064  1903               	btfsc	3,2
   662     0065  2867               	goto	u171
   663     0066  2868               	goto	u170
   664     0067                     u171:
   665     0067  286C               	goto	l758
   666     0068                     u170:
   667     0068                     l754:
   668                           
   669                           ;main.c: 70:             PORTC --;
   670     0068  3001               	movlw	1
   671     0069  0287               	subwf	7,f	;volatile
   672     006A                     l756:
   673                           
   674                           ;main.c: 71:             cont = 0;
   675     006A  01FA               	clrf	_cont
   676     006B  01FB               	clrf	_cont+1
   677     006C                     l758:
   678                           
   679                           ;main.c: 75:         ADCON0bits.CHS = 0b0000;
   680     006C  30C3               	movlw	-61
   681     006D  059F               	andwf	31,f	;volatile
   682     006E                     l760:
   683                           
   684                           ;main.c: 76:         _delay((unsigned long)((100)*(1000000/4000000.0)));
   685     006E  3008               	movlw	8
   686     006F  00F3               	movwf	??_main
   687     0070                     u197:
   688     0070  0BF3               	decfsz	??_main,f
   689     0071  2870               	goto	u197
   690     0072                     l762:
   691                           
   692                           ;main.c: 77:         ADCON0bits.GO = 1;
   693     0072  1283               	bcf	3,5	;RP0=0, select bank0
   694     0073  1303               	bcf	3,6	;RP1=0, select bank0
   695     0074  149F               	bsf	31,1	;volatile
   696     0075                     l40:	
   697                           ;main.c: 78:         while (ADCON0bits.GO == 1);
   698                           
   699     0075  189F               	btfsc	31,1	;volatile
   700     0076  2878               	goto	u181
   701     0077  2879               	goto	u180
   702     0078                     u181:
   703     0078  2875               	goto	l40
   704     0079                     u180:
   705     0079                     l42:
   706                           
   707                           ;main.c: 79:         ADIF = 0;
   708     0079  130C               	bcf	12,6	;volatile
   709     007A                     l764:
   710                           
   711                           ;main.c: 80:         PORTD = ADRESH;
   712     007A  081E               	movf	30,w	;volatile
   713     007B  0088               	movwf	8	;volatile
   714     007C  2827               	goto	l746
   715     007D  120A  118A  280C   	ljmp	start
   716     0080                     __end_of_main:
   717                           
   718                           	psect	text1
   719     011A                     __ptext1:	
   720 ;; *************** function _setup_ADC *****************
   721 ;; Defined at:
   722 ;;		line 11 in file "setupADC.c"
   723 ;; Parameters:    Size  Location     Type
   724 ;;		None
   725 ;; Auto vars:     Size  Location     Type
   726 ;;		None
   727 ;; Return value:  Size  Location     Type
   728 ;;                  1    wreg      void 
   729 ;; Registers used:
   730 ;;		wreg
   731 ;; Tracked objects:
   732 ;;		On entry : 0/0
   733 ;;		On exit  : 0/0
   734 ;;		Unchanged: 0/0
   735 ;; Data sizes:     COMMON   BANK0   BANK1   BANK3   BANK2
   736 ;;      Params:         0       0       0       0       0
   737 ;;      Locals:         0       0       0       0       0
   738 ;;      Temps:          1       0       0       0       0
   739 ;;      Totals:         1       0       0       0       0
   740 ;;Total ram usage:        1 bytes
   741 ;; Hardware stack levels used: 1
   742 ;; Hardware stack levels required when called: 1
   743 ;; This function calls:
   744 ;;		Nothing
   745 ;; This function is called by:
   746 ;;		_main
   747 ;; This function uses a non-reentrant model
   748 ;;
   749                           
   750     011A                     _setup_ADC:	
   751                           ;psect for function _setup_ADC
   752                           
   753     011A                     l726:	
   754                           ;incstack = 0
   755                           ; Regs used in _setup_ADC: [wreg]
   756                           
   757                           
   758                           ;setupADC.c: 12:     PORTAbits.RA0 = 0;
   759     011A  1283               	bcf	3,5	;RP0=0, select bank0
   760     011B  1303               	bcf	3,6	;RP1=0, select bank0
   761     011C  1005               	bcf	5,0	;volatile
   762                           
   763                           ;setupADC.c: 13:     TRISAbits.TRISA0 = 1;
   764     011D  1683               	bsf	3,5	;RP0=1, select bank1
   765     011E  1303               	bcf	3,6	;RP1=0, select bank1
   766     011F  1405               	bsf	5,0	;volatile
   767                           
   768                           ;setupADC.c: 14:     ANSELbits.ANS0 = 1;
   769     0120  1683               	bsf	3,5	;RP0=1, select bank3
   770     0121  1703               	bsf	3,6	;RP1=1, select bank3
   771     0122  1408               	bsf	8,0	;volatile
   772                           
   773                           ;setupADC.c: 16:     ADCON0bits.ADCS1 = 0;
   774     0123  1283               	bcf	3,5	;RP0=0, select bank0
   775     0124  1303               	bcf	3,6	;RP1=0, select bank0
   776     0125  139F               	bcf	31,7	;volatile
   777                           
   778                           ;setupADC.c: 17:     ADCON0bits.ADCS0 = 1;
   779     0126  171F               	bsf	31,6	;volatile
   780                           
   781                           ;setupADC.c: 19:     ADCON1bits.VCFG1 = 0;
   782     0127  1683               	bsf	3,5	;RP0=1, select bank1
   783     0128  1303               	bcf	3,6	;RP1=0, select bank1
   784     0129  129F               	bcf	31,5	;volatile
   785                           
   786                           ;setupADC.c: 20:     ADCON1bits.VCFG0 = 0;
   787     012A  121F               	bcf	31,4	;volatile
   788                           
   789                           ;setupADC.c: 22:     ADCON1bits.ADFM = 0;
   790     012B  139F               	bcf	31,7	;volatile
   791                           
   792                           ;setupADC.c: 24:     ADCON0bits.ADON = 1;
   793     012C  1283               	bcf	3,5	;RP0=0, select bank0
   794     012D  1303               	bcf	3,6	;RP1=0, select bank0
   795     012E  141F               	bsf	31,0	;volatile
   796     012F                     l728:
   797                           
   798                           ;setupADC.c: 25:     _delay((unsigned long)((100)*(1000000/4000000.0)));
   799     012F  3008               	movlw	8
   800     0130  00F2               	movwf	??_setup_ADC
   801     0131                     u207:
   802     0131  0BF2               	decfsz	??_setup_ADC,f
   803     0132  2931               	goto	u207
   804     0133                     l96:
   805     0133  0008               	return
   806     0134                     __end_of_setup_ADC:
   807                           
   808                           	psect	text2
   809     0080                     __ptext2:	
   810 ;; *************** function _setupINTOSC *****************
   811 ;; Defined at:
   812 ;;		line 10 in file "oscilador.c"
   813 ;; Parameters:    Size  Location     Type
   814 ;;  IRCF            1    wreg     unsigned char 
   815 ;; Auto vars:     Size  Location     Type
   816 ;;  IRCF            1    2[COMMON] unsigned char 
   817 ;; Return value:  Size  Location     Type
   818 ;;                  1    wreg      void 
   819 ;; Registers used:
   820 ;;		wreg, status,2, status,0
   821 ;; Tracked objects:
   822 ;;		On entry : 0/0
   823 ;;		On exit  : 0/0
   824 ;;		Unchanged: 0/0
   825 ;; Data sizes:     COMMON   BANK0   BANK1   BANK3   BANK2
   826 ;;      Params:         0       0       0       0       0
   827 ;;      Locals:         1       0       0       0       0
   828 ;;      Temps:          0       0       0       0       0
   829 ;;      Totals:         1       0       0       0       0
   830 ;;Total ram usage:        1 bytes
   831 ;; Hardware stack levels used: 1
   832 ;; Hardware stack levels required when called: 1
   833 ;; This function calls:
   834 ;;		Nothing
   835 ;; This function is called by:
   836 ;;		_main
   837 ;; This function uses a non-reentrant model
   838 ;;
   839                           
   840     0080                     _setupINTOSC:	
   841                           ;psect for function _setupINTOSC
   842                           
   843                           
   844                           ;incstack = 0
   845                           ; Regs used in _setupINTOSC: [wreg+status,2+status,0]
   846                           ;setupINTOSC@IRCF stored from wreg
   847     0080  00F2               	movwf	setupINTOSC@IRCF
   848     0081                     l706:
   849                           
   850                           ;oscilador.c: 11:     if (IRCF == 7){
   851     0081  3007               	movlw	7
   852     0082  0672               	xorwf	setupINTOSC@IRCF,w
   853     0083  1D03               	btfss	3,2
   854     0084  2886               	goto	u11
   855     0085  2887               	goto	u10
   856     0086                     u11:
   857     0086  288B               	goto	l50
   858     0087                     u10:
   859     0087                     l708:
   860                           
   861                           ;oscilador.c: 12:         OSCCONbits.IRCF = 0b111;
   862     0087  3070               	movlw	112
   863     0088  1683               	bsf	3,5	;RP0=1, select bank1
   864     0089  1303               	bcf	3,6	;RP1=0, select bank1
   865     008A  048F               	iorwf	15,f	;volatile
   866     008B                     l50:	
   867                           ;oscilador.c: 13:     }
   868                           
   869                           
   870                           ;oscilador.c: 14:     if (IRCF == 6){
   871     008B  3006               	movlw	6
   872     008C  0672               	xorwf	setupINTOSC@IRCF,w
   873     008D  1D03               	btfss	3,2
   874     008E  2890               	goto	u21
   875     008F  2891               	goto	u20
   876     0090                     u21:
   877     0090  2897               	goto	l51
   878     0091                     u20:
   879     0091                     l710:
   880                           
   881                           ;oscilador.c: 15:         OSCCONbits.IRCF = 0b110;
   882     0091  1683               	bsf	3,5	;RP0=1, select bank1
   883     0092  1303               	bcf	3,6	;RP1=0, select bank1
   884     0093  080F               	movf	15,w	;volatile
   885     0094  398F               	andlw	-113
   886     0095  3860               	iorlw	96
   887     0096  008F               	movwf	15	;volatile
   888     0097                     l51:	
   889                           ;oscilador.c: 16:     }
   890                           
   891                           
   892                           ;oscilador.c: 17:     if (IRCF == 5){
   893     0097  3005               	movlw	5
   894     0098  0672               	xorwf	setupINTOSC@IRCF,w
   895     0099  1D03               	btfss	3,2
   896     009A  289C               	goto	u31
   897     009B  289D               	goto	u30
   898     009C                     u31:
   899     009C  28A3               	goto	l52
   900     009D                     u30:
   901     009D                     l712:
   902                           
   903                           ;oscilador.c: 18:         OSCCONbits.IRCF = 0b101;
   904     009D  1683               	bsf	3,5	;RP0=1, select bank1
   905     009E  1303               	bcf	3,6	;RP1=0, select bank1
   906     009F  080F               	movf	15,w	;volatile
   907     00A0  398F               	andlw	-113
   908     00A1  3850               	iorlw	80
   909     00A2  008F               	movwf	15	;volatile
   910     00A3                     l52:	
   911                           ;oscilador.c: 19:     }
   912                           
   913                           
   914                           ;oscilador.c: 20:     if (IRCF == 4){
   915     00A3  3004               	movlw	4
   916     00A4  0672               	xorwf	setupINTOSC@IRCF,w
   917     00A5  1D03               	btfss	3,2
   918     00A6  28A8               	goto	u41
   919     00A7  28A9               	goto	u40
   920     00A8                     u41:
   921     00A8  28AF               	goto	l53
   922     00A9                     u40:
   923     00A9                     l714:
   924                           
   925                           ;oscilador.c: 21:         OSCCONbits.IRCF = 0b100;
   926     00A9  1683               	bsf	3,5	;RP0=1, select bank1
   927     00AA  1303               	bcf	3,6	;RP1=0, select bank1
   928     00AB  080F               	movf	15,w	;volatile
   929     00AC  398F               	andlw	-113
   930     00AD  3840               	iorlw	64
   931     00AE  008F               	movwf	15	;volatile
   932     00AF                     l53:	
   933                           ;oscilador.c: 22:     }
   934                           
   935                           
   936                           ;oscilador.c: 23:     if (IRCF == 3){
   937     00AF  3003               	movlw	3
   938     00B0  0672               	xorwf	setupINTOSC@IRCF,w
   939     00B1  1D03               	btfss	3,2
   940     00B2  28B4               	goto	u51
   941     00B3  28B5               	goto	u50
   942     00B4                     u51:
   943     00B4  28BB               	goto	l54
   944     00B5                     u50:
   945     00B5                     l716:
   946                           
   947                           ;oscilador.c: 24:         OSCCONbits.IRCF = 0b011;
   948     00B5  1683               	bsf	3,5	;RP0=1, select bank1
   949     00B6  1303               	bcf	3,6	;RP1=0, select bank1
   950     00B7  080F               	movf	15,w	;volatile
   951     00B8  398F               	andlw	-113
   952     00B9  3830               	iorlw	48
   953     00BA  008F               	movwf	15	;volatile
   954     00BB                     l54:	
   955                           ;oscilador.c: 25:     }
   956                           
   957                           
   958                           ;oscilador.c: 26:     if (IRCF == 2){
   959     00BB  3002               	movlw	2
   960     00BC  0672               	xorwf	setupINTOSC@IRCF,w
   961     00BD  1D03               	btfss	3,2
   962     00BE  28C0               	goto	u61
   963     00BF  28C1               	goto	u60
   964     00C0                     u61:
   965     00C0  28C7               	goto	l55
   966     00C1                     u60:
   967     00C1                     l718:
   968                           
   969                           ;oscilador.c: 27:         OSCCONbits.IRCF = 0b010;
   970     00C1  1683               	bsf	3,5	;RP0=1, select bank1
   971     00C2  1303               	bcf	3,6	;RP1=0, select bank1
   972     00C3  080F               	movf	15,w	;volatile
   973     00C4  398F               	andlw	-113
   974     00C5  3820               	iorlw	32
   975     00C6  008F               	movwf	15	;volatile
   976     00C7                     l55:	
   977                           ;oscilador.c: 28:     }
   978                           
   979                           
   980                           ;oscilador.c: 29:     if (IRCF == 1){
   981     00C7  0372               	decf	setupINTOSC@IRCF,w
   982     00C8  1D03               	btfss	3,2
   983     00C9  28CB               	goto	u71
   984     00CA  28CC               	goto	u70
   985     00CB                     u71:
   986     00CB  28D2               	goto	l56
   987     00CC                     u70:
   988     00CC                     l720:
   989                           
   990                           ;oscilador.c: 30:         OSCCONbits.IRCF = 0b001;
   991     00CC  1683               	bsf	3,5	;RP0=1, select bank1
   992     00CD  1303               	bcf	3,6	;RP1=0, select bank1
   993     00CE  080F               	movf	15,w	;volatile
   994     00CF  398F               	andlw	-113
   995     00D0  3810               	iorlw	16
   996     00D1  008F               	movwf	15	;volatile
   997     00D2                     l56:	
   998                           ;oscilador.c: 31:     }
   999                           
  1000                           
  1001                           ;oscilador.c: 32:     if (IRCF == 0){
  1002     00D2  0872               	movf	setupINTOSC@IRCF,w
  1003     00D3  1D03               	btfss	3,2
  1004     00D4  28D6               	goto	u81
  1005     00D5  28D7               	goto	u80
  1006     00D6                     u81:
  1007     00D6  28DB               	goto	l724
  1008     00D7                     u80:
  1009     00D7                     l722:
  1010                           
  1011                           ;oscilador.c: 33:         OSCCONbits.IRCF = 0b000;
  1012     00D7  308F               	movlw	-113
  1013     00D8  1683               	bsf	3,5	;RP0=1, select bank1
  1014     00D9  1303               	bcf	3,6	;RP1=0, select bank1
  1015     00DA  058F               	andwf	15,f	;volatile
  1016     00DB                     l724:
  1017                           
  1018                           ;oscilador.c: 36:     OSCCONbits.SCS = 1;
  1019     00DB  1683               	bsf	3,5	;RP0=1, select bank1
  1020     00DC  1303               	bcf	3,6	;RP1=0, select bank1
  1021     00DD  140F               	bsf	15,0	;volatile
  1022     00DE                     l58:
  1023     00DE  0008               	return
  1024     00DF                     __end_of_setupINTOSC:
  1025                           
  1026                           	psect	text3
  1027     00FD                     __ptext3:	
  1028 ;; *************** function _configpuertos *****************
  1029 ;; Defined at:
  1030 ;;		line 9 in file "confpuertos.c"
  1031 ;; Parameters:    Size  Location     Type
  1032 ;;		None
  1033 ;; Auto vars:     Size  Location     Type
  1034 ;;		None
  1035 ;; Return value:  Size  Location     Type
  1036 ;;                  1    wreg      void 
  1037 ;; Registers used:
  1038 ;;		wreg, status,2
  1039 ;; Tracked objects:
  1040 ;;		On entry : 0/0
  1041 ;;		On exit  : 0/0
  1042 ;;		Unchanged: 0/0
  1043 ;; Data sizes:     COMMON   BANK0   BANK1   BANK3   BANK2
  1044 ;;      Params:         0       0       0       0       0
  1045 ;;      Locals:         0       0       0       0       0
  1046 ;;      Temps:          0       0       0       0       0
  1047 ;;      Totals:         0       0       0       0       0
  1048 ;;Total ram usage:        0 bytes
  1049 ;; Hardware stack levels used: 1
  1050 ;; Hardware stack levels required when called: 1
  1051 ;; This function calls:
  1052 ;;		Nothing
  1053 ;; This function is called by:
  1054 ;;		_main
  1055 ;; This function uses a non-reentrant model
  1056 ;;
  1057                           
  1058     00FD                     _configpuertos:	
  1059                           ;psect for function _configpuertos
  1060                           
  1061     00FD                     l688:	
  1062                           ;incstack = 0
  1063                           ; Regs used in _configpuertos: [wreg+status,2]
  1064                           
  1065                           
  1066                           ;confpuertos.c: 11:     TRISB = 0b11000000;
  1067     00FD  30C0               	movlw	192
  1068     00FE  1683               	bsf	3,5	;RP0=1, select bank1
  1069     00FF  1303               	bcf	3,6	;RP1=0, select bank1
  1070     0100  0086               	movwf	6	;volatile
  1071                           
  1072                           ;confpuertos.c: 12:     PORTB = 0b11000000;
  1073     0101  30C0               	movlw	192
  1074     0102  1283               	bcf	3,5	;RP0=0, select bank0
  1075     0103  1303               	bcf	3,6	;RP1=0, select bank0
  1076     0104  0086               	movwf	6	;volatile
  1077     0105                     l690:
  1078                           
  1079                           ;confpuertos.c: 13:     INTCONbits.GIE = 1;
  1080     0105  178B               	bsf	11,7	;volatile
  1081     0106                     l692:
  1082                           
  1083                           ;confpuertos.c: 14:     INTCONbits.RBIE = 1;
  1084     0106  158B               	bsf	11,3	;volatile
  1085     0107                     l694:
  1086                           
  1087                           ;confpuertos.c: 15:     INTCONbits.RBIF = 0;
  1088     0107  100B               	bcf	11,0	;volatile
  1089                           
  1090                           ;confpuertos.c: 16:     IOCB = 0b11000000;
  1091     0108  30C0               	movlw	192
  1092     0109  1683               	bsf	3,5	;RP0=1, select bank1
  1093     010A  1303               	bcf	3,6	;RP1=0, select bank1
  1094     010B  0096               	movwf	22	;volatile
  1095                           
  1096                           ;confpuertos.c: 17:     WPUB = 0b11000000;
  1097     010C  30C0               	movlw	192
  1098     010D  0095               	movwf	21	;volatile
  1099     010E                     l696:
  1100                           
  1101                           ;confpuertos.c: 18:     OPTION_REGbits.nRBPU = 0;
  1102     010E  1381               	bcf	1,7	;volatile
  1103     010F                     l698:
  1104                           
  1105                           ;confpuertos.c: 21:     TRISC = 0;
  1106     010F  0187               	clrf	7	;volatile
  1107     0110                     l700:
  1108                           
  1109                           ;confpuertos.c: 22:     PORTC = 0;
  1110     0110  1283               	bcf	3,5	;RP0=0, select bank0
  1111     0111  1303               	bcf	3,6	;RP1=0, select bank0
  1112     0112  0187               	clrf	7	;volatile
  1113     0113                     l702:
  1114                           
  1115                           ;confpuertos.c: 24:     TRISD = 0;
  1116     0113  1683               	bsf	3,5	;RP0=1, select bank1
  1117     0114  1303               	bcf	3,6	;RP1=0, select bank1
  1118     0115  0188               	clrf	8	;volatile
  1119     0116                     l704:
  1120                           
  1121                           ;confpuertos.c: 25:     PORTD = 0;
  1122     0116  1283               	bcf	3,5	;RP0=0, select bank0
  1123     0117  1303               	bcf	3,6	;RP1=0, select bank0
  1124     0118  0188               	clrf	8	;volatile
  1125     0119                     l81:
  1126     0119  0008               	return
  1127     011A                     __end_of_configpuertos:
  1128                           
  1129                           	psect	text4
  1130     00DF                     __ptext4:	
  1131 ;; *************** function _isr *****************
  1132 ;; Defined at:
  1133 ;;		line 46 in file "main.c"
  1134 ;; Parameters:    Size  Location     Type
  1135 ;;		None
  1136 ;; Auto vars:     Size  Location     Type
  1137 ;;		None
  1138 ;; Return value:  Size  Location     Type
  1139 ;;                  1    wreg      void 
  1140 ;; Registers used:
  1141 ;;		wreg
  1142 ;; Tracked objects:
  1143 ;;		On entry : 0/0
  1144 ;;		On exit  : 0/0
  1145 ;;		Unchanged: 0/0
  1146 ;; Data sizes:     COMMON   BANK0   BANK1   BANK3   BANK2
  1147 ;;      Params:         0       0       0       0       0
  1148 ;;      Locals:         0       0       0       0       0
  1149 ;;      Temps:          2       0       0       0       0
  1150 ;;      Totals:         2       0       0       0       0
  1151 ;;Total ram usage:        2 bytes
  1152 ;; Hardware stack levels used: 1
  1153 ;; This function calls:
  1154 ;;		Nothing
  1155 ;; This function is called by:
  1156 ;;		Interrupt level 1
  1157 ;; This function uses a non-reentrant model
  1158 ;;
  1159                           
  1160     00DF                     _isr:	
  1161                           ;psect for function _isr
  1162                           
  1163     00DF                     i1l730:
  1164                           
  1165                           ;main.c: 47:     if(INTCONbits.RBIF){
  1166     00DF  1C0B               	btfss	11,0	;volatile
  1167     00E0  28E2               	goto	u9_21
  1168     00E1  28E3               	goto	u9_20
  1169     00E2                     u9_21:
  1170     00E2  28F6               	goto	i1l32
  1171     00E3                     u9_20:
  1172     00E3                     i1l732:
  1173                           
  1174                           ;main.c: 48:         if(PORTBbits.RB7 == 0){
  1175     00E3  1283               	bcf	3,5	;RP0=0, select bank0
  1176     00E4  1303               	bcf	3,6	;RP1=0, select bank0
  1177     00E5  1B86               	btfsc	6,7	;volatile
  1178     00E6  28E8               	goto	u10_21
  1179     00E7  28E9               	goto	u10_20
  1180     00E8                     u10_21:
  1181     00E8  28ED               	goto	i1l736
  1182     00E9                     u10_20:
  1183     00E9                     i1l734:
  1184                           
  1185                           ;main.c: 49:             cont = 1;
  1186     00E9  3001               	movlw	1
  1187     00EA  00FA               	movwf	_cont
  1188     00EB  3000               	movlw	0
  1189     00EC  00FB               	movwf	_cont+1
  1190     00ED                     i1l736:
  1191                           
  1192                           ;main.c: 51:         if(PORTBbits.RB6 == 0){
  1193     00ED  1B06               	btfsc	6,6	;volatile
  1194     00EE  28F0               	goto	u11_21
  1195     00EF  28F1               	goto	u11_20
  1196     00F0                     u11_21:
  1197     00F0  28F5               	goto	i1l740
  1198     00F1                     u11_20:
  1199     00F1                     i1l738:
  1200                           
  1201                           ;main.c: 52:             cont = 2;
  1202     00F1  3002               	movlw	2
  1203     00F2  00FA               	movwf	_cont
  1204     00F3  3000               	movlw	0
  1205     00F4  00FB               	movwf	_cont+1
  1206     00F5                     i1l740:
  1207                           
  1208                           ;main.c: 54:         INTCONbits.RBIF = 0;
  1209     00F5  100B               	bcf	11,0	;volatile
  1210     00F6                     i1l32:
  1211     00F6  0871               	movf	??_isr+1,w
  1212     00F7  008A               	movwf	10
  1213     00F8  0E70               	swapf	??_isr,w
  1214     00F9  0083               	movwf	3
  1215     00FA  0EFE               	swapf	btemp,f
  1216     00FB  0E7E               	swapf	btemp,w
  1217     00FC  0009               	retfie
  1218     00FD                     __end_of_isr:
  1219     007E                     btemp	set	126	;btemp
  1220     007E                     wtemp0	set	126
  1221                           
  1222                           	psect	intentry
  1223     0004                     __pintentry:	
  1224                           ;incstack = 0
  1225                           ; Regs used in _isr: [wreg]
  1226                           
  1227     0004                     interrupt_function:
  1228     007E                     saved_w	set	btemp
  1229     0004  00FE               	movwf	btemp
  1230     0005  0E03               	swapf	3,w
  1231     0006  00F0               	movwf	??_isr
  1232     0007  080A               	movf	10,w
  1233     0008  00F1               	movwf	??_isr+1
  1234     0009  120A  118A  28DF   	ljmp	_isr
  1235                           
  1236                           	psect	idloc
  1237                           
  1238                           ;Config register IDLOC0 @ 0x2000
  1239                           ;	unspecified, using default values
  1240     2000                     	org	8192
  1241     2000  3FFF               	dw	16383
  1242                           
  1243                           ;Config register IDLOC1 @ 0x2001
  1244                           ;	unspecified, using default values
  1245     2001                     	org	8193
  1246     2001  3FFF               	dw	16383
  1247                           
  1248                           ;Config register IDLOC2 @ 0x2002
  1249                           ;	unspecified, using default values
  1250     2002                     	org	8194
  1251     2002  3FFF               	dw	16383
  1252                           
  1253                           ;Config register IDLOC3 @ 0x2003
  1254                           ;	unspecified, using default values
  1255     2003                     	org	8195
  1256     2003  3FFF               	dw	16383
  1257                           
  1258                           	psect	config
  1259                           
  1260                           ;Config register CONFIG1 @ 0x2007
  1261                           ;	Oscillator Selection bits
  1262                           ;	FOSC = INTRC_NOCLKOUT, INTOSCIO oscillator: I/O function on RA6/OSC2/CLKOUT pin, I/O f
      +                          unction on RA7/OSC1/CLKIN
  1263                           ;	Watchdog Timer Enable bit
  1264                           ;	WDTE = OFF, WDT disabled and can be enabled by SWDTEN bit of the WDTCON register
  1265                           ;	Power-up Timer Enable bit
  1266                           ;	PWRTE = OFF, PWRT disabled
  1267                           ;	RE3/MCLR pin function select bit
  1268                           ;	MCLRE = OFF, RE3/MCLR pin function is digital input, MCLR internally tied to VDD
  1269                           ;	Code Protection bit
  1270                           ;	CP = OFF, Program memory code protection is disabled
  1271                           ;	Data Code Protection bit
  1272                           ;	CPD = OFF, Data memory code protection is disabled
  1273                           ;	Brown Out Reset Selection bits
  1274                           ;	BOREN = OFF, BOR disabled
  1275                           ;	Internal External Switchover bit
  1276                           ;	IESO = OFF, Internal/External Switchover mode is disabled
  1277                           ;	Fail-Safe Clock Monitor Enabled bit
  1278                           ;	FCMEN = OFF, Fail-Safe Clock Monitor is disabled
  1279                           ;	Low Voltage Programming Enable bit
  1280                           ;	LVP = OFF, RB3 pin has digital I/O, HV on MCLR must be used for programming
  1281                           ;	In-Circuit Debugger Mode bit
  1282                           ;	DEBUG = 0x1, unprogramme  1283     2007                     	org	8199
  1284     2007  20D4               	dw	8404
  1285                           
  1286                           ;Config register CONFIG2 @ 0x2008
  1287                           ;	Brown-out Reset Selection bit
  1288                           ;	BOR4V = BOR40V, Brown-out Reset set to 4.0V
  1289                           ;	Flash Program Memory Self Write Enable bits
  1290                           ;	WRT = OFF, Write protection off
  1291     2008                     	org	8200
  1292     2008  3FFF               	dw	16383

Data Sizes:
    Strings     0
    Constant    0
    Data        0
    BSS         2
    Persistent  0
    Stack       0

Auto Spaces:
    Space          Size  Autos    Used
    COMMON           14     10      12
    BANK0            80      0       0
    BANK1            80      0       0
    BANK3            96      0       0
    BANK2            96      0       0

Pointer List with Targets:

    None.

Critical Paths under _main in COMMON

    _main->_setupINTOSC
    _main->_setup_ADC

Critical Paths under _isr in COMMON

    None.

Critical Paths under _main in BANK0

    None.

Critical Paths under _isr in BANK0

    None.

Critical Paths under _main in BANK1

    None.

Critical Paths under _isr in BANK1

    None.

Critical Paths under _main in BANK3

    None.

Critical Paths under _isr in BANK3

    None.

Critical Paths under _main in BANK2

    None.

Critical Paths under _isr in BANK2

    None.

Call Graph Tables:

 ---------------------------------------------------------------------------------
 (Depth) Function   	        Calls       Base Space   Used Autos Params    Refs
 ---------------------------------------------------------------------------------
 (0) _main                                                 7     7      0     120
                                              3 COMMON     7     7      0
                      _configpuertos
                        _setupINTOSC
                          _setup_ADC
 ---------------------------------------------------------------------------------
 (1) _setup_ADC                                            1     1      0       0
                                              2 COMMON     1     1      0
 ---------------------------------------------------------------------------------
 (1) _setupINTOSC                                          1     1      0     120
                                              2 COMMON     1     1      0
 ---------------------------------------------------------------------------------
 (1) _configpuertos                                        0     0      0       0
 ---------------------------------------------------------------------------------
 Estimated maximum stack depth 1
 ---------------------------------------------------------------------------------
 (Depth) Function   	        Calls       Base Space   Used Autos Params    Refs
 ---------------------------------------------------------------------------------
 (2) _isr                                                  2     2      0       0
                                              0 COMMON     2     2      0
 ---------------------------------------------------------------------------------
 Estimated maximum stack depth 2
 ---------------------------------------------------------------------------------

 Call Graph Graphs:

 _main (ROOT)
   _configpuertos
   _setupINTOSC
   _setup_ADC

 _isr (ROOT)

 Address spaces:
Name               Size   Autos  Total    Cost      Usage
BITCOMMON            E      0       0       0        0.0%
EEDATA             100      0       0       0        0.0%
NULL                 0      0       0       0        0.0%
CODE                 0      0       0       0        0.0%
COMMON               E      A       C       1       85.7%
BITSFR0              0      0       0       1        0.0%
SFR0                 0      0       0       1        0.0%
BITSFR1              0      0       0       2        0.0%
SFR1                 0      0       0       2        0.0%
STACK                0      0       0       2        0.0%
ABS                  0      0       C       3        0.0%
BITBANK0            50      0       0       4        0.0%
BITSFR3              0      0       0       4        0.0%
SFR3                 0      0       0       4        0.0%
BANK0               50      0       0       5        0.0%
BITSFR2              0      0       0       5        0.0%
SFR2                 0      0       0       5        0.0%
BITBANK1            50      0       0       6        0.0%
BANK1               50      0       0       7        0.0%
BITBANK3            60      0       0       8        0.0%
BANK3               60      0       0       9        0.0%
BITBANK2            60      0       0      10        0.0%
BANK2               60      0       0      11        0.0%
DATA                 0      0       C      12        0.0%


Microchip Technology PIC Macro Assembler V2.40 build 20220703182018 
Symbol Table                                                                                   Thu Jan 19 17:58:42 2023

                     l40 0075                       l50 008B                       l42 0079  
                     l51 0097                       l52 00A3                       l53 00AF  
                     l54 00BB                       l55 00C7                       l56 00D2  
                     l81 0119                       l58 00DE                       l96 0133  
                     u10 0087                       u11 0086                       u20 0091  
                     u21 0090                       u30 009D                       u31 009C  
                     u40 00A9                       u41 00A8                       u50 00B5  
                     u51 00B4                       u60 00C1                       u61 00C0  
                     u70 00CC                       u71 00CB                       u80 00D7  
                     u81 00D6           ?_configpuertos 0070                      l700 0110  
                    l702 0113                      l710 0091                      l704 0116  
                    l720 00CC                      l712 009D                      l722 00D7  
                    l714 00A9                      l706 0081                      l724 00DB  
                    l716 00B5                      l708 0087                      l718 00C1  
                    l726 011A                      l750 0048                      l742 0015  
                    l728 012F                      l760 006E                      l752 004A  
                    l744 0025                      l690 0105                      l762 0072  
                    l754 0068                      l746 0027                      l692 0106  
                    l764 007A                      l756 006A                      l748 0044  
                    l694 0107                      l758 006C                      l696 010E  
                    l688 00FD                      l698 010F                      u120 0035  
                    u121 0033                      u130 0036                      u140 0044  
                    u141 0043                      u150 0059                      u207 0131  
                    u151 0057                      u160 005A                      u170 0068  
                    u171 0067                      u180 0079                      u181 0078  
                    u197 0070                      _isr 00DF                     _ADIF 0066  
                   ?_isr 0070                     _IOCB 0096                     i1l32 00F6  
                   _WPUB 0095                     u9_20 00E3                     u9_21 00E2  
                   _cont 007A                     _main 0015                     btemp 007E  
                   start 000C                    ??_isr 0070                    ?_main 0070  
                  i1l730 00DF                    i1l740 00F5                    i1l732 00E3  
                  i1l734 00E9                    i1l736 00ED                    i1l738 00F1  
                  u10_20 00E9                    u10_21 00E8                    u11_20 00F1  
                  u11_21 00F0                    _PORTB 0006                    _PORTC 0007  
                  _PORTD 0008                    _TRISB 0086                    _TRISC 0087  
                  _TRISD 0088                    pclath 000A                    status 0003  
                  wtemp0 007E          __initialization 000F             __end_of_main 0080  
        ??_configpuertos 0072                   ??_main 0073                   _ADRESH 001E  
           ?_setupINTOSC 0070                   saved_w 007E  __end_of__initialization 0011  
         __pcstackCOMMON 0070           _OPTION_REGbits 0081               __pmaintext 0015  
             __pintentry 0004                _ANSELbits 0188                  __ptext1 011A  
                __ptext2 0080                  __ptext3 00FD                  __ptext4 00DF  
   end_of_initialization 0011        __end_of_setup_ADC 0134    __end_of_configpuertos 011A  
              _PORTAbits 0005                _PORTBbits 0006                _TRISAbits 0085  
    start_initialization 000F              __end_of_isr 00FD              __pbssCOMMON 007A  
              ___latbits 0002          setupINTOSC@IRCF 0072        interrupt_function 0004  
              _setup_ADC 011A               _ADCON0bits 001F               _ADCON1bits 009F  
          ??_setupINTOSC 0072               ?_setup_ADC 0070      __end_of_setupINTOSC 00DF  
             _INTCONbits 000B                 intlevel1 0000               _OSCCONbits 008F  
            ??_setup_ADC 0072            _configpuertos 00FD              _setupINTOSC 0080  
